<?xml version="1.0" encoding="UTF-8"?>
<testsuite name="runner.ServiceLibraryIntegrationTests" time="0.003" tests="11" errors="0" skipped="0" failures="0">
  <properties>
    <property name="java.runtime.name" value="Java(TM) SE Runtime Environment"/>
    <property name="java.vm.version" value="10.0.2+13"/>
    <property name="sun.boot.library.path" value="/Library/Java/JavaVirtualMachines/jdk-10.0.2.jdk/Contents/Home/lib"/>
    <property name="gopherProxySet" value="false"/>
    <property name="maven.multiModuleProjectDirectory" value="/Users/Asha/Downloads/DVLA-master/com.dvlamimetest.files"/>
    <property name="java.vm.vendor" value="&quot;Oracle Corporation&quot;"/>
    <property name="java.vendor.url" value="http://java.oracle.com/"/>
    <property name="guice.disable.misplaced.annotation.check" value="true"/>
    <property name="path.separator" value=":"/>
    <property name="java.vm.name" value="Java HotSpot(TM) 64-Bit Server VM"/>
    <property name="file.encoding.pkg" value="sun.io"/>
    <property name="sun.os.patch.level" value="unknown"/>
    <property name="user.country" value="GB"/>
    <property name="sun.java.launcher" value="SUN_STANDARD"/>
    <property name="java.vm.specification.name" value="Java Virtual Machine Specification"/>
    <property name="user.dir" value="/Users/Asha/Downloads/DVLA-master/com.dvlamimetest.files"/>
    <property name="java.vm.compressedOopsMode" value="Zero based"/>
    <property name="java.runtime.version" value="10.0.2+13"/>
    <property name="java.awt.graphicsenv" value="sun.awt.CGraphicsEnvironment"/>
    <property name="os.arch" value="x86_64"/>
    <property name="java.io.tmpdir" value="/var/folders/17/0lhv_lr53_b3lz6hjsj_wg0m0000gn/T/"/>
    <property name="line.separator" value="&#10;"/>
    <property name="java.vm.specification.vendor" value="Oracle Corporation"/>
    <property name="os.name" value="Mac OS X"/>
    <property name="classworlds.conf" value="/Users/Asha/eclipse-workspace/.metadata/.plugins/org.eclipse.m2e.launching/launches/m2conf802058536730802668.tmp"/>
    <property name="sun.jnu.encoding" value="UTF-8"/>
    <property name="java.library.path" value="/Users/Asha/Library/Java/Extensions:/Library/Java/Extensions:/Network/Library/Java/Extensions:/System/Library/Java/Extensions:/usr/lib/java:."/>
    <property name="jdk.debug" value="release"/>
    <property name="java.class.version" value="54.0"/>
    <property name="java.specification.name" value="Java Platform API Specification"/>
    <property name="sun.management.compiler" value="HotSpot 64-Bit Tiered Compilers"/>
    <property name="os.version" value="10.13.6"/>
    <property name="http.nonProxyHosts" value="local|*.local|169.254/16|*.169.254/16"/>
    <property name="user.home" value="/Users/Asha"/>
    <property name="user.timezone" value="Europe/London"/>
    <property name="java.awt.printerjob" value="sun.lwawt.macosx.CPrinterJob"/>
    <property name="file.encoding" value="UTF-8"/>
    <property name="java.specification.version" value="10"/>
    <property name="user.name" value="Asha"/>
    <property name="java.class.path" value="/Users/Asha/Downloads/Eclipse/Eclipse.app/Contents/Eclipse/plugins/org.eclipse.m2e.maven.runtime_1.9.0.20180606-2035/jars/plexus-classworlds-2.5.2.jar"/>
    <property name="java.vm.specification.version" value="10"/>
    <property name="sun.arch.data.model" value="64"/>
    <property name="sun.java.command" value="org.codehaus.plexus.classworlds.launcher.Launcher -B test"/>
    <property name="java.home" value="/Library/Java/JavaVirtualMachines/jdk-10.0.2.jdk/Contents/Home"/>
    <property name="user.language" value="en"/>
    <property name="java.specification.vendor" value="Oracle Corporation"/>
    <property name="awt.toolkit" value="sun.lwawt.macosx.LWCToolkit"/>
    <property name="java.vm.info" value="mixed mode"/>
    <property name="java.version" value="10.0.2"/>
    <property name="java.vendor" value="Oracle Corporation"/>
    <property name="maven.home" value="/Users/Asha/Downloads/DVLA-master/com.dvlamimetest.files/EMBEDDED"/>
    <property name="file.separator" value="/"/>
    <property name="java.version.date" value="2018-07-17"/>
    <property name="java.vendor.url.bug" value="http://bugreport.java.com/bugreport/"/>
    <property name="sun.io.unicode.encoding" value="UnicodeBig"/>
    <property name="sun.cpu.endian" value="little"/>
    <property name="java.vendor.version" value="18.3"/>
    <property name="socksNonProxyHosts" value="local|*.local|169.254/16|*.169.254/16"/>
    <property name="ftp.nonProxyHosts" value="local|*.local|169.254/16|*.169.254/16"/>
    <property name="sun.cpu.isalist" value=""/>
  </properties>
  <testcase name="Given User creates a folder structure C:\ConfigureTest" classname="Given User creates a folder structure C:\ConfigureTest(| C:\ConfigureTest |)" time="0.001"/>
  <testcase name="Given User creates a folder structure C:\ConfigureTest" classname="Given User creates a folder structure C:\ConfigureTest(| C:\ConfigureTest |)" time="0"/>
  <testcase name="Given User creates a folder structure C:\ConfigureTest" classname="Given User creates a folder structure C:\ConfigureTest(| C:\ConfigureTest |)" time="0"/>
  <testcase name="Then User reads the contents of the file C:\ConfigureTest" classname="Then User reads the contents of the file C:\ConfigureTest(| C:\ConfigureTest |)" time="0.001"/>
  <testcase name="Then User reads the contents of the file C:\ConfigureTest" classname="Then User reads the contents of the file C:\ConfigureTest(| C:\ConfigureTest |)" time="0"/>
  <testcase name="Then User reads the contents of the file C:\ConfigureTest" classname="Then User reads the contents of the file C:\ConfigureTest(| C:\ConfigureTest |)" time="0"/>
  <testcase name="| C:\ConfigureTest |" classname="| C:\ConfigureTest |" time="0.001"/>
  <testcase name="| C:\ConfigureTest |" classname="| C:\ConfigureTest |" time="0"/>
  <testcase name="| C:\ConfigureTest |" classname="| C:\ConfigureTest |" time="0"/>
  <testcase name="Then User should then be able to verify Car details C:\ConfigureTest" classname="Then User should then be able to verify Car details C:\ConfigureTest(| C:\ConfigureTest |)" time="0"/>
  <testcase name="Then Display File types and MIME types for all Files in C:\ConfigureTest" classname="Then Display File types and MIME types for all Files in C:\ConfigureTest(| C:\ConfigureTest |)" time="0"/>
</testsuite>